// devcli 1.2.0.RELEASE log opened at 2017-06-03 10:45:35
exit
// devcli 1.2.0.RELEASE log closed at 2017-06-03 10:46:26
// devcli 1.2.0.RELEASE log opened at 2017-06-03 10:46:38
// devcli 1.2.0.RELEASE log opened at 2017-06-03 10:47:20
// devcli 1.2.0.RELEASE log opened at 2017-06-03 10:50:24
hw simple --message hej
! ls
hw simple --message hej  --location 'at home'
// devcli 1.2.0.RELEASE log opened at 2017-06-03 11:01:12
hw simple --message hej
// devcli 1.2.0.RELEASE log opened at 2017-06-03 11:02:15
hw simple --message hej
// devcli 1.2.0.RELEASE log opened at 2017-06-03 11:03:43
// devcli 1.2.0.RELEASE log opened at 2017-06-03 11:04:10
hw simple --message h
// devcli 1.2.0.RELEASE log opened at 2017-06-03 11:05:24
// devcli 1.2.0.RELEASE log opened at 2017-06-03 11:11:04
hw simple --message h
// devcli 1.2.0.RELEASE log opened at 2017-06-03 11:14:54
version
// devcli 1.2.0.RELEASE log opened at 2017-06-03 11:27:07
// devcli 1.2.0.RELEASE log opened at 2017-06-03 11:27:26
// devcli 1.2.0.RELEASE log opened at 2017-06-03 11:28:40
// devcli 1.2.0.RELEASE log opened at 2017-06-03 11:52:34
// devcli 1.2.0.RELEASE log opened at 2017-06-03 13:15:38
// [failed] tools verify
// devcli 1.2.0.RELEASE log opened at 2017-06-03 13:20:20
// [failed] tools verify
// devcli 1.2.0.RELEASE log opened at 2017-06-03 13:28:08
tools verify
// devcli 1.2.0.RELEASE log opened at 2017-06-03 13:30:28
tools verify
// devcli 1.2.0.RELEASE log opened at 2017-06-03 13:30:56
tools verify
// devcli 1.2.0.RELEASE log opened at 2017-06-03 13:31:22
tools verify
// devcli 1.2.0.RELEASE log opened at 2017-06-03 15:55:18
// [failed] tools verify
// devcli 1.2.0.RELEASE log opened at 2017-06-03 15:57:22
// [failed] tools verify
// [failed] tools verify
// devcli 1.2.0.RELEASE log opened at 2017-06-03 16:00:06
// [failed] tools verify
// devcli 1.2.0.RELEASE log opened at 2017-06-03 16:01:03
// [failed] tools verify
// devcli 1.2.0.RELEASE log opened at 2017-06-03 16:40:07
// [failed] tools verify
// [failed] tools verify
// devcli 1.2.0.RELEASE log opened at 2017-06-03 16:45:19
// [failed] tools verify
// devcli 1.2.0.RELEASE log opened at 2017-06-03 16:47:23
// [failed] tools verify
// devcli 1.2.0.RELEASE log opened at 2017-06-03 16:48:25
// [failed] tools verify
// devcli 1.2.0.RELEASE log opened at 2017-06-03 16:49:26
tools verify
// devcli 1.2.0.RELEASE log opened at 2017-06-03 16:58:44
// [failed] tools verify
// devcli 1.2.0.RELEASE log opened at 2017-06-03 17:00:31
// [failed] tools verify
! java
! java -version
! whatis java
! whereis java
! /usr/bin/java -version
// devcli 1.2.0.RELEASE log opened at 2017-06-03 17:03:33
! /usr/bin/java -version
// [failed] tools verify
// devcli 1.2.0.RELEASE log opened at 2017-06-03 17:07:22
// [failed] tools verify
// devcli 1.2.0.RELEASE log opened at 2017-06-03 17:08:03
// [failed] tools verify
// devcli 1.2.0.RELEASE log opened at 2017-06-03 17:08:55
// [failed] tools verify
// devcli 1.2.0.RELEASE log opened at 2017-06-03 17:09:20
// [failed] tools verify
// devcli 1.2.0.RELEASE log opened at 2017-06-03 17:12:37
// [failed] tools verify
// devcli 1.2.0.RELEASE log opened at 2017-06-03 17:13:42
// [failed] tools verify
// devcli 1.2.0.RELEASE log opened at 2017-06-03 17:16:28
// [failed] tools verify
// devcli 1.2.0.RELEASE log opened at 2017-06-03 17:19:37
tools verify
// devcli 1.2.0.RELEASE log opened at 2017-06-03 17:23:01
tools verify
// devcli 1.2.0.RELEASE log opened at 2017-06-03 17:24:38
tools verify
// devcli 1.2.0.RELEASE log opened at 2017-06-03 17:25:34
tools verify
// devcli 1.2.0.RELEASE log opened at 2017-06-03 17:26:56
tools verify
// devcli 1.2.0.RELEASE log opened at 2017-06-03 17:29:38
tools verify
// devcli 1.2.0.RELEASE log opened at 2017-06-03 17:30:31
tools verify
// devcli 1.2.0.RELEASE log opened at 2017-06-03 17:30:59
tools verify
// devcli 1.2.0.RELEASE log opened at 2017-06-03 17:31:59
tools verify
// devcli 1.2.0.RELEASE log opened at 2017-06-03 18:07:21
// [failed] tools minikube-docker-env
// devcli 1.2.0.RELEASE log opened at 2017-06-03 18:08:15
// [failed] tools minikube-docker-env
// devcli 1.2.0.RELEASE log opened at 2017-06-03 18:08:47
// [failed] tools minikube-docker-env
// devcli 1.2.0.RELEASE log opened at 2017-06-03 18:11:41
// [failed] tools minikube-docker-env
// devcli 1.2.0.RELEASE log opened at 2017-06-03 18:20:57
tools minikube-docker-env
tools minikube-docker-env
// devcli 1.2.0.RELEASE log opened at 2017-06-03 18:47:35
tools debug-info
// devcli 1.2.0.RELEASE log opened at 2017-06-03 18:49:45
tools debug-info
// devcli 1.2.0.RELEASE log opened at 2017-06-03 18:53:48
tools debug-info
// devcli 1.2.0.RELEASE log opened at 2017-06-04 09:53:08
tools debug-info
// devcli 1.2.0.RELEASE log opened at 2017-06-04 09:54:10
tools debug-info
// devcli 1.2.0.RELEASE log opened at 2017-06-04 09:55:12
tools debug-info
// devcli 1.2.0.RELEASE log opened at 2017-06-04 10:06:41
// [failed] tools debug-info
// devcli 1.2.0.RELEASE log opened at 2017-06-04 10:08:12
// [failed] tools debug-info
// [failed] tools debug-info
// devcli 1.2.0.RELEASE log opened at 2017-06-04 10:11:18
// [failed] tools info
// [failed] tools info
// devcli 1.2.0.RELEASE log opened at 2017-06-04 10:12:00
// [failed] tools info
// devcli 1.2.0.RELEASE log opened at 2017-06-04 10:14:11
// [failed] tools info
// devcli 1.2.0.RELEASE log opened at 2017-06-04 10:32:01
debug 
debug --forceShowCommands true 
// devcli 1.2.0.RELEASE log opened at 2017-06-04 11:05:23
// devcli 1.2.0.RELEASE log opened at 2017-06-04 11:06:15
// devcli 1.2.0.RELEASE log opened at 2017-06-04 11:07:53
// devcli 1.2.0.RELEASE log opened at 2017-06-04 11:08:01
// devcli 1.2.0.RELEASE log opened at 2017-06-04 11:08:09
// devcli 1.2.0.RELEASE log opened at 2017-06-04 11:08:47
// devcli 1.2.0.RELEASE log opened at 2017-06-04 11:08:53
// devcli 1.2.0.RELEASE log opened at 2017-06-04 12:22:27
// devcli 1.2.0.RELEASE log opened at 2017-06-04 12:23:30
tools info
// devcli 1.2.0.RELEASE log opened at 2017-06-04 12:31:43
debug --forceShowCommands true
debug --forceShowCommands 
debug --forceShowCommands false
debug --forceShowCommands 
debug --forceShowCommands true
debug
tools info
// devcli 1.2.0.RELEASE log opened at 2017-06-04 12:33:46
debug --forceShowCommands true
tools info
// devcli 1.2.0.RELEASE log opened at 2017-06-04 12:36:03
debug --forceShowCommands true
tools info
// devcli 1.2.0.RELEASE log opened at 2017-06-04 12:40:40
debug --forceShowCommands true
tools info
// devcli 1.2.0.RELEASE log opened at 2017-06-04 12:51:05
// devcli 1.2.0.RELEASE log opened at 2017-06-04 12:51:21
// devcli 1.2.0.RELEASE log opened at 2017-06-04 12:52:11
debug all
tools info
// devcli 1.2.0.RELEASE log opened at 2017-06-04 12:58:04
debug all
tools info
// devcli 1.2.0.RELEASE log opened at 2017-06-04 12:59:37
debug all
tools info
// devcli 1.2.0.RELEASE log opened at 2017-06-04 13:01:51
debug all
tools info
// devcli 1.2.0.RELEASE log opened at 2017-06-04 13:03:01
debug all
tools info
// devcli 1.2.0.RELEASE log opened at 2017-06-04 13:03:32
debug all
tools info
// devcli 1.2.0.RELEASE log opened at 2017-06-04 13:04:08
debug all
tools info
// devcli 1.2.0.RELEASE log opened at 2017-06-04 13:05:32
debug all
tools info
// devcli 1.2.0.RELEASE log opened at 2017-06-04 13:06:18
debug all
tools info
// [failed] tools info
// devcli 1.2.0.RELEASE log opened at 2017-06-04 13:06:58
debug all
tools info
// devcli 1.2.0.RELEASE log opened at 2017-06-04 13:07:53
debug all
tools info
// devcli 1.2.0.RELEASE log opened at 2017-06-04 13:12:08
debug all
tools info
// devcli 1.2.0.RELEASE log opened at 2017-06-04 13:13:31
debug all
tools info
// devcli 1.2.0.RELEASE log opened at 2017-06-04 13:35:46
debug all
tools info
// devcli 1.2.0.RELEASE log opened at 2017-06-04 14:07:32
debug all
tools info
// devcli 1.2.0.RELEASE log opened at 2017-06-04 14:24:18
// devcli 1.2.0.RELEASE log opened at 2017-06-04 14:25:43
debug all
tools info
// devcli 1.2.0.RELEASE log opened at 2017-06-04 14:26:57
debug all
tools info
! minikube stop
// devcli 1.2.0.RELEASE log opened at 2017-06-04 14:28:09
debug all
tools info
// devcli 1.2.0.RELEASE log opened at 2017-06-04 14:32:16
// devcli 1.2.0.RELEASE log opened at 2017-06-04 14:32:26
debug all
tools info
tools info
! minikube status
// devcli 1.2.0.RELEASE log opened at 2017-06-04 14:33:42
debug all
tools info
debug none
tools info
tools verify
debug all
tools verify
// devcli 1.2.0.RELEASE log opened at 2017-06-04 14:46:58
tools verify
tools info
// devcli 1.2.0.RELEASE log opened at 2017-06-04 14:51:24
tools info
// devcli 1.2.0.RELEASE log opened at 2017-06-04 14:52:25
tools info
// devcli 1.2.0.RELEASE log opened at 2017-06-04 14:52:55
tools info
// devcli 1.2.0.RELEASE log opened at 2017-06-04 14:53:33
tools info
! whereis java
! which java
// devcli 1.2.0.RELEASE log opened at 2017-06-04 14:56:22
tools info
! which java
// devcli 1.2.0.RELEASE log opened at 2017-06-04 15:08:45
tools info
// devcli 1.2.0.RELEASE log opened at 2017-06-04 15:09:15
tools info
// devcli 1.2.0.RELEASE log opened at 2017-06-04 15:12:00
// devcli 1.2.0.RELEASE log opened at 2017-06-04 15:28:29
tools info
// devcli 1.2.0.RELEASE log opened at 2017-06-04 15:28:54
tools info
// devcli 1.2.0.RELEASE log opened at 2017-06-04 15:29:38
tools info
tools verify
// devcli 1.2.0.RELEASE log opened at 2017-06-04 15:32:08
tools info
tools verify
// devcli 1.2.0.RELEASE log opened at 2017-06-04 15:33:10
tools info
// devcli 1.2.0.RELEASE log opened at 2017-06-04 15:35:49
tools info
// devcli 1.2.0.RELEASE log opened at 2017-06-04 15:36:38
tools info
// devcli 1.2.0.RELEASE log opened at 2017-06-04 15:37:18
tools info
tools verify
// devcli 1.2.0.RELEASE log opened at 2017-06-04 15:38:32
tools info
tools verify
// devcli 1.2.0.RELEASE log opened at 2017-06-04 15:39:17
tools info
// devcli 1.2.0.RELEASE log opened at 2017-06-04 15:39:51
tools verify
tools info
// devcli 1.2.0.RELEASE log opened at 2017-06-04 15:40:42
tools verify
tools info
// devcli 1.2.0.RELEASE log opened at 2017-06-04 15:40:58
tools info
// devcli 1.2.0.RELEASE log opened at 2017-06-04 15:41:20
tools verify
tools info
// devcli 1.2.0.RELEASE log opened at 2017-06-04 15:42:01
tools info
// devcli 1.2.0.RELEASE log opened at 2017-06-04 15:42:41
tools info
tools verify
// devcli 1.2.0.RELEASE log opened at 2017-06-04 15:44:38
tools verify
// devcli 1.2.0.RELEASE log opened at 2017-06-04 15:53:53
tools verify
// devcli 1.2.0.RELEASE log opened at 2017-06-04 15:54:28
tools verify
// devcli 1.2.0.RELEASE log opened at 2017-06-04 15:54:48
tools verify
// devcli 1.2.0.RELEASE log opened at 2017-06-04 15:55:37
tools verify
// devcli 1.2.0.RELEASE log opened at 2017-06-04 15:56:05
tools verify
// devcli 1.2.0.RELEASE log opened at 2017-06-04 15:56:44
tools verify
tools info
// devcli 1.2.0.RELEASE log opened at 2017-06-04 15:57:28
tools info
tools verify
// devcli 1.2.0.RELEASE log opened at 2017-06-04 15:58:07
tools verify
tools info
// devcli 1.2.0.RELEASE log opened at 2017-06-04 15:59:27
tools info
tools verify
// devcli 1.2.0.RELEASE log opened at 2017-06-04 16:00:27
tools verify
// devcli 1.2.0.RELEASE log opened at 2017-06-04 16:00:52
tools verify
// devcli 1.2.0.RELEASE log opened at 2017-06-04 16:05:58
tools verify
// devcli 1.2.0.RELEASE log opened at 2017-06-04 16:07:01
tools verify
// devcli 1.2.0.RELEASE log opened at 2017-06-04 16:08:28
tools verify
// devcli 1.2.0.RELEASE log opened at 2017-06-04 16:09:23
tools verify
// devcli 1.2.0.RELEASE log opened at 2017-06-04 16:10:23
tools verify
// devcli 1.2.0.RELEASE log opened at 2017-06-04 16:11:21
tools verify
// devcli 1.2.0.RELEASE log opened at 2017-06-04 16:12:03
tools verify
tools info
// devcli 1.2.0.RELEASE log opened at 2017-06-04 16:12:53
tools verify
tools info
// devcli 1.2.0.RELEASE log opened at 2017-06-04 16:13:14
tools verify
tools info
// devcli 1.2.0.RELEASE log opened at 2017-06-04 16:13:36
tools verify
tools info
// devcli 1.2.0.RELEASE log opened at 2017-06-04 16:14:01
tools verify
tools info
// devcli 1.2.0.RELEASE log opened at 2017-06-04 16:15:17
tools verify
tools info
// devcli 1.2.0.RELEASE log opened at 2017-06-04 16:16:28
tools verify
tools info
// devcli 1.2.0.RELEASE log opened at 2017-06-04 16:17:26
tools verify
// devcli 1.2.0.RELEASE log opened at 2017-06-04 16:18:04
tools info
tools verify
tools verify
// devcli 1.2.0.RELEASE log opened at 2017-06-04 16:32:11
tools verify
tools info
// devcli 1.2.0.RELEASE log opened at 2017-06-04 17:58:45
tools info
// devcli 1.2.0.RELEASE log opened at 2017-06-04 18:00:59
tools info
// devcli 1.2.0.RELEASE log opened at 2017-06-04 18:01:35
tools info
// devcli 1.2.0.RELEASE log opened at 2017-06-04 18:02:12
tools info
// devcli 1.2.0.RELEASE log opened at 2017-06-04 18:03:04
tools info
// devcli 1.2.0.RELEASE log opened at 2017-06-04 18:03:29
tools info
// devcli 1.2.0.RELEASE log opened at 2017-06-04 18:04:06
tools info
version
// devcli 1.2.0.RELEASE log opened at 2017-06-04 18:22:50
version
tools info
// devcli 1.2.0.RELEASE log opened at 2017-06-04 18:28:36
tools info
tools verify
// devcli 1.2.0.RELEASE log opened at 2017-06-04 18:30:24
tools verify
tools info
// devcli 1.2.0.RELEASE log opened at 2017-06-04 18:31:11
tools info
tools verify
// devcli 1.2.0.RELEASE log opened at 2017-06-04 18:32:40
// devcli 1.2.0.RELEASE log opened at 2017-06-04 18:32:54
tools info
tools verify
// devcli 1.2.0.RELEASE log opened at 2017-06-04 18:34:15
tools verify
// devcli 1.2.0.RELEASE log opened at 2017-06-04 18:34:44
tools verify
// devcli 1.2.0.RELEASE log opened at 2017-06-04 18:35:40
tools verify
// devcli 1.2.0.RELEASE log opened at 2017-06-04 18:36:25
tools verify
tools verify
tools info
! mvnw -version
// devcli 1.2.0.RELEASE log opened at 2017-06-04 18:44:14
tools info
tools verify
! ./mvnw
! "./mvnw --version"
// devcli 1.2.0.RELEASE log opened at 2017-06-04 18:48:44
tools verify
! mvnw -version
tools info
// devcli 1.2.0.RELEASE log opened at 2017-06-04 18:50:18
tools verify
! /home/rasmus/projects/kubernetes-fragments/DevCli/./mvnw
// devcli 1.2.0.RELEASE log opened at 2017-06-04 18:51:36
tools verify
// devcli 1.2.0.RELEASE log opened at 2017-06-04 18:59:55
tools verify
debug all
tools verify
// devcli 1.2.0.RELEASE log opened at 2017-06-04 19:00:34
debug all
tools verify
tools verify
tools verify
// devcli 1.2.0.RELEASE log opened at 2017-06-04 19:05:04
tools verify
debug all
tools verify
! "mvnw --version"
! "./mvnw --version"
// devcli 1.2.0.RELEASE log opened at 2017-06-04 19:06:13
// devcli 1.2.0.RELEASE log opened at 2017-06-04 19:06:29
tools verify
// devcli 1.2.0.RELEASE log opened at 2017-06-04 19:08:12
tools verify
// devcli 1.2.0.RELEASE log opened at 2017-06-04 19:09:49
tools verify
// devcli 1.2.0.RELEASE log opened at 2017-06-04 19:10:19
tools verify
// devcli 1.2.0.RELEASE log opened at 2017-06-04 19:12:10
tools verify
tools verify
// devcli 1.2.0.RELEASE log opened at 2017-06-04 19:12:47
tools verify
debug all
tools verify
// devcli 1.2.0.RELEASE log opened at 2017-06-04 19:14:20
tools verify
// devcli 1.2.0.RELEASE log opened at 2017-06-04 19:14:43
tools verify
// devcli 1.2.0.RELEASE log opened at 2017-06-04 19:25:09
tools verify
// devcli 1.2.0.RELEASE log opened at 2017-06-04 19:26:18
tools verify
tools info
// devcli 1.2.0.RELEASE log opened at 2017-06-04 19:29:17
tools verify
tools info
// devcli 1.2.0.RELEASE log opened at 2017-06-04 19:50:31
tools info
tools verify
// devcli 1.2.0.RELEASE log opened at 2017-06-04 20:25:57
tools verify
tools info
date
system properties
tools info
tools verify
tools info
// devcli 1.2.0.RELEASE log opened at 2017-06-04 20:30:25
// devcli 1.2.0.RELEASE log opened at 2017-06-04 20:40:32
// devcli 1.2.0.RELEASE log opened at 2017-06-04 20:41:16
help --command "debug all"
help
// devcli 1.2.0.RELEASE log opened at 2017-06-04 20:43:32
tools verify
tools info
debug none
// devcli 1.2.0.RELEASE log opened at 2017-06-04 20:47:26
// devcli 1.2.0.RELEASE log opened at 2017-06-04 20:51:34
! pwd
// devcli 1.2.0.RELEASE log opened at 2017-06-04 20:52:37
tools info
// devcli 1.2.0.RELEASE log opened at 2017-06-04 20:55:07
// devcli 1.2.0.RELEASE log opened at 2017-06-04 20:55:32
tools info
tools verify
clear
tools verify
tools info
// devcli 1.2.0.RELEASE log opened at 2017-06-04 21:14:34
// devcli 1.2.0.RELEASE log opened at 2017-06-04 21:36:13
// devcli 1.2.0.RELEASE log opened at 2017-06-04 21:45:11
tools info
tools verify
tools info
// devcli 1.2.0.RELEASE log opened at 2017-06-04 22:03:51
tools info
// devcli 1.2.0.RELEASE log opened at 2017-06-04 22:52:25
ls
l
ls
// devcli 1.2.0.RELEASE log opened at 2017-06-04 22:53:35
ls
tools info
tools verify
// devcli 1.2.0.RELEASE log opened at 2017-06-04 22:55:58
tools verify
tools info
ls
// devcli 1.2.0.RELEASE log opened at 2017-06-04 22:56:51
ls
// devcli 1.2.0.RELEASE log opened at 2017-06-04 23:43:29
ls
// devcli 1.2.0.RELEASE log opened at 2017-06-04 23:45:04
ls
// devcli 1.2.0.RELEASE log opened at 2017-06-04 23:45:24
ls
// devcli 1.2.0.RELEASE log opened at 2017-06-04 23:47:38
ls
// devcli 1.2.0.RELEASE log opened at 2017-06-05 00:00:48
ls
cd Environments
cd En
// devcli 1.2.0.RELEASE log opened at 2017-06-05 00:13:52
// devcli 1.2.0.RELEASE log opened at 2017-06-05 00:14:30
// devcli 1.2.0.RELEASE log opened at 2017-06-05 00:15:04
// devcli 1.2.0.RELEASE log opened at 2017-06-05 00:16:25
// devcli 1.2.0.RELEASE log opened at 2017-06-05 00:17:01
// devcli 1.2.0.RELEASE log opened at 2017-06-05 00:19:54
// devcli 1.2.0.RELEASE log opened at 2017-06-05 00:21:06
// devcli 1.2.0.RELEASE log opened at 2017-06-05 00:22:31
// devcli 1.2.0.RELEASE log opened at 2017-06-05 00:59:02
list
// [failed] move --into Environments 
// devcli 1.2.0.RELEASE log opened at 2017-06-05 01:02:59
move --into Environments 
move --into Dev
move --into Applications 
move --into ManageBackend 
move --up 
// devcli 1.2.0.RELEASE log opened at 2017-06-05 01:07:54
// devcli 1.2.0.RELEASE log opened at 2017-06-05 01:08:23
// devcli 1.2.0.RELEASE log opened at 2017-06-05 01:11:59
cd --to ..
cd --to Environments 
ls
cd --to Local 
cd --to Applications 
cd --to ManageBackend 
